<?xml version="1.0" encoding="UTF-8"?>
<testsuite xmlns:xsi="http://www.w3.org/2001/XMLSchema-instance" xsi:noNamespaceSchemaLocation="https://maven.apache.org/surefire/maven-surefire-plugin/xsd/surefire-test-report-3.0.xsd" version="3.0" name="runner.TestRunner" time="25.895" tests="0" errors="0" skipped="0" failures="0">
  <properties>
    <property name="gopherProxySet" value="false"/>
    <property name="awt.toolkit" value="sun.lwawt.macosx.LWCToolkit"/>
    <property name="file.encoding.pkg" value="sun.io"/>
    <property name="java.specification.version" value="1.8"/>
    <property name="sun.cpu.isalist" value=""/>
    <property name="sun.jnu.encoding" value="UTF-8"/>
    <property name="java.class.path" value="/Users/prashantmohite/eclipse-workspace/neo/target/test-classes:/Users/prashantmohite/eclipse-workspace/neo/target/classes:/Users/prashantmohite/.m2/repository/junit/junit/4.12/junit-4.12.jar:/Users/prashantmohite/.m2/repository/org/hamcrest/hamcrest-core/1.3/hamcrest-core-1.3.jar:/Users/prashantmohite/.m2/repository/io/appium/java-client/3.4.1/java-client-3.4.1.jar:/Users/prashantmohite/.m2/repository/com/google/code/gson/gson/2.6.2/gson-2.6.2.jar:/Users/prashantmohite/.m2/repository/org/apache/httpcomponents/httpclient/4.5.2/httpclient-4.5.2.jar:/Users/prashantmohite/.m2/repository/org/apache/httpcomponents/httpcore/4.4.4/httpcore-4.4.4.jar:/Users/prashantmohite/.m2/repository/commons-logging/commons-logging/1.2/commons-logging-1.2.jar:/Users/prashantmohite/.m2/repository/commons-codec/commons-codec/1.9/commons-codec-1.9.jar:/Users/prashantmohite/.m2/repository/com/google/guava/guava/19.0/guava-19.0.jar:/Users/prashantmohite/.m2/repository/cglib/cglib/3.2.1/cglib-3.2.1.jar:/Users/prashantmohite/.m2/repository/org/ow2/asm/asm/5.0.3/asm-5.0.3.jar:/Users/prashantmohite/.m2/repository/commons-validator/commons-validator/1.5.0/commons-validator-1.5.0.jar:/Users/prashantmohite/.m2/repository/commons-beanutils/commons-beanutils/1.9.2/commons-beanutils-1.9.2.jar:/Users/prashantmohite/.m2/repository/commons-digester/commons-digester/1.8.1/commons-digester-1.8.1.jar:/Users/prashantmohite/.m2/repository/commons-collections/commons-collections/3.2.2/commons-collections-3.2.2.jar:/Users/prashantmohite/.m2/repository/org/apache/commons/commons-lang3/3.4/commons-lang3-3.4.jar:/Users/prashantmohite/.m2/repository/org/seleniumhq/selenium/selenium-java/2.53.0/selenium-java-2.53.0.jar:/Users/prashantmohite/.m2/repository/org/seleniumhq/selenium/selenium-chrome-driver/2.53.0/selenium-chrome-driver-2.53.0.jar:/Users/prashantmohite/.m2/repository/org/seleniumhq/selenium/selenium-remote-driver/2.53.0/selenium-remote-driver-2.53.0.jar:/Users/prashantmohite/.m2/repository/cglib/cglib-nodep/2.1_3/cglib-nodep-2.1_3.jar:/Users/prashantmohite/.m2/repository/org/seleniumhq/selenium/selenium-api/2.53.0/selenium-api-2.53.0.jar:/Users/prashantmohite/.m2/repository/org/seleniumhq/selenium/selenium-edge-driver/2.53.0/selenium-edge-driver-2.53.0.jar:/Users/prashantmohite/.m2/repository/commons-io/commons-io/2.4/commons-io-2.4.jar:/Users/prashantmohite/.m2/repository/org/apache/commons/commons-exec/1.3/commons-exec-1.3.jar:/Users/prashantmohite/.m2/repository/org/seleniumhq/selenium/selenium-firefox-driver/2.53.0/selenium-firefox-driver-2.53.0.jar:/Users/prashantmohite/.m2/repository/org/seleniumhq/selenium/selenium-ie-driver/2.53.0/selenium-ie-driver-2.53.0.jar:/Users/prashantmohite/.m2/repository/net/java/dev/jna/jna/4.1.0/jna-4.1.0.jar:/Users/prashantmohite/.m2/repository/net/java/dev/jna/jna-platform/4.1.0/jna-platform-4.1.0.jar:/Users/prashantmohite/.m2/repository/org/seleniumhq/selenium/selenium-safari-driver/2.53.0/selenium-safari-driver-2.53.0.jar:/Users/prashantmohite/.m2/repository/io/netty/netty/3.5.7.Final/netty-3.5.7.Final.jar:/Users/prashantmohite/.m2/repository/org/seleniumhq/selenium/selenium-support/2.53.0/selenium-support-2.53.0.jar:/Users/prashantmohite/.m2/repository/org/seleniumhq/selenium/selenium-leg-rc/2.53.0/selenium-leg-rc-2.53.0.jar:/Users/prashantmohite/.m2/repository/org/testng/testng/6.9.9/testng-6.9.9.jar:/Users/prashantmohite/.m2/repository/com/beust/jcommander/1.48/jcommander-1.48.jar:/Users/prashantmohite/.m2/repository/org/apache/ant/ant/1.7.0/ant-1.7.0.jar:/Users/prashantmohite/.m2/repository/org/apache/ant/ant-launcher/1.7.0/ant-launcher-1.7.0.jar:/Users/prashantmohite/.m2/repository/org/yaml/snakeyaml/1.15/snakeyaml-1.15.jar:/Users/prashantmohite/.m2/repository/org/beanshell/bsh/2.0b4/bsh-2.0b4.jar:/Users/prashantmohite/.m2/repository/com/aventstack/extentreports/4.0.1/extentreports-4.0.1.jar:/Users/prashantmohite/.m2/repository/org/freemarker/freemarker/2.3.23/freemarker-2.3.23.jar:/Users/prashantmohite/.m2/repository/org/mongodb/mongodb-driver/3.3.0/mongodb-driver-3.3.0.jar:/Users/prashantmohite/.m2/repository/org/mongodb/mongodb-driver-core/3.3.0/mongodb-driver-core-3.3.0.jar:/Users/prashantmohite/.m2/repository/org/mongodb/bson/3.3.0/bson-3.3.0.jar:/Users/prashantmohite/.m2/repository/org/apache/httpcomponents/httpmime/4.5.2/httpmime-4.5.2.jar:/Users/prashantmohite/.m2/repository/info/cukes/cucumber-java/1.2.5/cucumber-java-1.2.5.jar:/Users/prashantmohite/.m2/repository/info/cukes/cucumber-core/1.2.5/cucumber-core-1.2.5.jar:/Users/prashantmohite/.m2/repository/info/cukes/cucumber-html/0.2.3/cucumber-html-0.2.3.jar:/Users/prashantmohite/.m2/repository/info/cukes/cucumber-jvm-deps/1.0.5/cucumber-jvm-deps-1.0.5.jar:/Users/prashantmohite/.m2/repository/info/cukes/cucumber-junit/1.2.5/cucumber-junit-1.2.5.jar:/Users/prashantmohite/.m2/repository/com/vimalselvam/cucumber-extentsreport/3.0.2/cucumber-extentsreport-3.0.2.jar:/Users/prashantmohite/.m2/repository/info/cukes/cucumber-picocontainer/1.2.5/cucumber-picocontainer-1.2.5.jar:/Users/prashantmohite/.m2/repository/info/cukes/gherkin/2.12.2/gherkin-2.12.2.jar:/Users/prashantmohite/.m2/repository/org/picocontainer/picocontainer/2.15/picocontainer-2.15.jar:"/>
    <property name="java.vm.vendor" value="Oracle Corporation"/>
    <property name="deviceName" value="iPhone 7"/>
    <property name="sun.arch.data.model" value="64"/>
    <property name="java.vendor.url" value="http://java.oracle.com/"/>
    <property name="user.timezone" value=""/>
    <property name="automationName" value="XCUITest"/>
    <property name="java.vm.specification.version" value="1.8"/>
    <property name="os.name" value="Mac OS X"/>
    <property name="user.country" value="IN"/>
    <property name="sun.java.launcher" value="SUN_STANDARD"/>
    <property name="sun.boot.library.path" value="/Library/Java/JavaVirtualMachines/jdk1.8.0_191.jdk/Contents/Home/jre/lib"/>
    <property name="sun.java.command" value="/Users/prashantmohite/eclipse-workspace/neo/target/surefire/surefirebooter5893666134805791284.jar /Users/prashantmohite/eclipse-workspace/neo/target/surefire 2019-01-21T18-03-53_626-jvmRun1 surefire5454207831186873714tmp surefire_08317518949558046232tmp"/>
    <property name="http.nonProxyHosts" value="local|*.local|169.254/16|*.169.254/16"/>
    <property name="surefire.test.class.path" value="/Users/prashantmohite/eclipse-workspace/neo/target/test-classes:/Users/prashantmohite/eclipse-workspace/neo/target/classes:/Users/prashantmohite/.m2/repository/junit/junit/4.12/junit-4.12.jar:/Users/prashantmohite/.m2/repository/org/hamcrest/hamcrest-core/1.3/hamcrest-core-1.3.jar:/Users/prashantmohite/.m2/repository/io/appium/java-client/3.4.1/java-client-3.4.1.jar:/Users/prashantmohite/.m2/repository/com/google/code/gson/gson/2.6.2/gson-2.6.2.jar:/Users/prashantmohite/.m2/repository/org/apache/httpcomponents/httpclient/4.5.2/httpclient-4.5.2.jar:/Users/prashantmohite/.m2/repository/org/apache/httpcomponents/httpcore/4.4.4/httpcore-4.4.4.jar:/Users/prashantmohite/.m2/repository/commons-logging/commons-logging/1.2/commons-logging-1.2.jar:/Users/prashantmohite/.m2/repository/commons-codec/commons-codec/1.9/commons-codec-1.9.jar:/Users/prashantmohite/.m2/repository/com/google/guava/guava/19.0/guava-19.0.jar:/Users/prashantmohite/.m2/repository/cglib/cglib/3.2.1/cglib-3.2.1.jar:/Users/prashantmohite/.m2/repository/org/ow2/asm/asm/5.0.3/asm-5.0.3.jar:/Users/prashantmohite/.m2/repository/commons-validator/commons-validator/1.5.0/commons-validator-1.5.0.jar:/Users/prashantmohite/.m2/repository/commons-beanutils/commons-beanutils/1.9.2/commons-beanutils-1.9.2.jar:/Users/prashantmohite/.m2/repository/commons-digester/commons-digester/1.8.1/commons-digester-1.8.1.jar:/Users/prashantmohite/.m2/repository/commons-collections/commons-collections/3.2.2/commons-collections-3.2.2.jar:/Users/prashantmohite/.m2/repository/org/apache/commons/commons-lang3/3.4/commons-lang3-3.4.jar:/Users/prashantmohite/.m2/repository/org/seleniumhq/selenium/selenium-java/2.53.0/selenium-java-2.53.0.jar:/Users/prashantmohite/.m2/repository/org/seleniumhq/selenium/selenium-chrome-driver/2.53.0/selenium-chrome-driver-2.53.0.jar:/Users/prashantmohite/.m2/repository/org/seleniumhq/selenium/selenium-remote-driver/2.53.0/selenium-remote-driver-2.53.0.jar:/Users/prashantmohite/.m2/repository/cglib/cglib-nodep/2.1_3/cglib-nodep-2.1_3.jar:/Users/prashantmohite/.m2/repository/org/seleniumhq/selenium/selenium-api/2.53.0/selenium-api-2.53.0.jar:/Users/prashantmohite/.m2/repository/org/seleniumhq/selenium/selenium-edge-driver/2.53.0/selenium-edge-driver-2.53.0.jar:/Users/prashantmohite/.m2/repository/commons-io/commons-io/2.4/commons-io-2.4.jar:/Users/prashantmohite/.m2/repository/org/apache/commons/commons-exec/1.3/commons-exec-1.3.jar:/Users/prashantmohite/.m2/repository/org/seleniumhq/selenium/selenium-firefox-driver/2.53.0/selenium-firefox-driver-2.53.0.jar:/Users/prashantmohite/.m2/repository/org/seleniumhq/selenium/selenium-ie-driver/2.53.0/selenium-ie-driver-2.53.0.jar:/Users/prashantmohite/.m2/repository/net/java/dev/jna/jna/4.1.0/jna-4.1.0.jar:/Users/prashantmohite/.m2/repository/net/java/dev/jna/jna-platform/4.1.0/jna-platform-4.1.0.jar:/Users/prashantmohite/.m2/repository/org/seleniumhq/selenium/selenium-safari-driver/2.53.0/selenium-safari-driver-2.53.0.jar:/Users/prashantmohite/.m2/repository/io/netty/netty/3.5.7.Final/netty-3.5.7.Final.jar:/Users/prashantmohite/.m2/repository/org/seleniumhq/selenium/selenium-support/2.53.0/selenium-support-2.53.0.jar:/Users/prashantmohite/.m2/repository/org/seleniumhq/selenium/selenium-leg-rc/2.53.0/selenium-leg-rc-2.53.0.jar:/Users/prashantmohite/.m2/repository/org/testng/testng/6.9.9/testng-6.9.9.jar:/Users/prashantmohite/.m2/repository/com/beust/jcommander/1.48/jcommander-1.48.jar:/Users/prashantmohite/.m2/repository/org/apache/ant/ant/1.7.0/ant-1.7.0.jar:/Users/prashantmohite/.m2/repository/org/apache/ant/ant-launcher/1.7.0/ant-launcher-1.7.0.jar:/Users/prashantmohite/.m2/repository/org/yaml/snakeyaml/1.15/snakeyaml-1.15.jar:/Users/prashantmohite/.m2/repository/org/beanshell/bsh/2.0b4/bsh-2.0b4.jar:/Users/prashantmohite/.m2/repository/com/aventstack/extentreports/4.0.1/extentreports-4.0.1.jar:/Users/prashantmohite/.m2/repository/org/freemarker/freemarker/2.3.23/freemarker-2.3.23.jar:/Users/prashantmohite/.m2/repository/org/mongodb/mongodb-driver/3.3.0/mongodb-driver-3.3.0.jar:/Users/prashantmohite/.m2/repository/org/mongodb/mongodb-driver-core/3.3.0/mongodb-driver-core-3.3.0.jar:/Users/prashantmohite/.m2/repository/org/mongodb/bson/3.3.0/bson-3.3.0.jar:/Users/prashantmohite/.m2/repository/org/apache/httpcomponents/httpmime/4.5.2/httpmime-4.5.2.jar:/Users/prashantmohite/.m2/repository/info/cukes/cucumber-java/1.2.5/cucumber-java-1.2.5.jar:/Users/prashantmohite/.m2/repository/info/cukes/cucumber-core/1.2.5/cucumber-core-1.2.5.jar:/Users/prashantmohite/.m2/repository/info/cukes/cucumber-html/0.2.3/cucumber-html-0.2.3.jar:/Users/prashantmohite/.m2/repository/info/cukes/cucumber-jvm-deps/1.0.5/cucumber-jvm-deps-1.0.5.jar:/Users/prashantmohite/.m2/repository/info/cukes/cucumber-junit/1.2.5/cucumber-junit-1.2.5.jar:/Users/prashantmohite/.m2/repository/com/vimalselvam/cucumber-extentsreport/3.0.2/cucumber-extentsreport-3.0.2.jar:/Users/prashantmohite/.m2/repository/info/cukes/cucumber-picocontainer/1.2.5/cucumber-picocontainer-1.2.5.jar:/Users/prashantmohite/.m2/repository/info/cukes/gherkin/2.12.2/gherkin-2.12.2.jar:/Users/prashantmohite/.m2/repository/org/picocontainer/picocontainer/2.15/picocontainer-2.15.jar:"/>
    <property name="sun.cpu.endian" value="little"/>
    <property name="user.home" value="/Users/prashantmohite"/>
    <property name="user.language" value="en"/>
    <property name="java.specification.vendor" value="Oracle Corporation"/>
    <property name="java.home" value="/Library/Java/JavaVirtualMachines/jdk1.8.0_191.jdk/Contents/Home/jre"/>
    <property name="basedir" value="/Users/prashantmohite/eclipse-workspace/neo"/>
    <property name="file.separator" value="/"/>
    <property name="line.separator" value="&#10;"/>
    <property name="java.vm.specification.vendor" value="Oracle Corporation"/>
    <property name="java.specification.name" value="Java Platform API Specification"/>
    <property name="java.awt.graphicsenv" value="sun.awt.CGraphicsEnvironment"/>
    <property name="surefire.real.class.path" value="/Users/prashantmohite/eclipse-workspace/neo/target/surefire/surefirebooter5893666134805791284.jar"/>
    <property name="sun.boot.class.path" value="/Library/Java/JavaVirtualMachines/jdk1.8.0_191.jdk/Contents/Home/jre/lib/resources.jar:/Library/Java/JavaVirtualMachines/jdk1.8.0_191.jdk/Contents/Home/jre/lib/rt.jar:/Library/Java/JavaVirtualMachines/jdk1.8.0_191.jdk/Contents/Home/jre/lib/sunrsasign.jar:/Library/Java/JavaVirtualMachines/jdk1.8.0_191.jdk/Contents/Home/jre/lib/jsse.jar:/Library/Java/JavaVirtualMachines/jdk1.8.0_191.jdk/Contents/Home/jre/lib/jce.jar:/Library/Java/JavaVirtualMachines/jdk1.8.0_191.jdk/Contents/Home/jre/lib/charsets.jar:/Library/Java/JavaVirtualMachines/jdk1.8.0_191.jdk/Contents/Home/jre/lib/jfr.jar:/Library/Java/JavaVirtualMachines/jdk1.8.0_191.jdk/Contents/Home/jre/classes"/>
    <property name="sun.management.compiler" value="HotSpot 64-Bit Tiered Compilers"/>
    <property name="ftp.nonProxyHosts" value="local|*.local|169.254/16|*.169.254/16"/>
    <property name="java.runtime.version" value="1.8.0_191-b12"/>
    <property name="user.name" value="prashantmohite"/>
    <property name="path.separator" value=":"/>
    <property name="appPath" value="//Users/prashantmohite/Desktop/NeoSampleWithPod.app"/>
    <property name="UDID" value="FA929241-5217-4917-84B6-71206A3BBD59"/>
    <property name="platform" value="IOS"/>
    <property name="os.version" value="10.13.6"/>
    <property name="java.endorsed.dirs" value="/Library/Java/JavaVirtualMachines/jdk1.8.0_191.jdk/Contents/Home/jre/lib/endorsed"/>
    <property name="java.runtime.name" value="Java(TM) SE Runtime Environment"/>
    <property name="file.encoding" value="UTF-8"/>
    <property name="platformVersion" value="12.1"/>
    <property name="java.vm.name" value="Java HotSpot(TM) 64-Bit Server VM"/>
    <property name="localRepository" value="/Users/prashantmohite/.m2/repository"/>
    <property name="java.vendor.url.bug" value="http://bugreport.sun.com/bugreport/"/>
    <property name="java.io.tmpdir" value="/var/folders/88/6tvkw1jx59jgszm69hvvh4wh0000gn/T/"/>
    <property name="java.version" value="1.8.0_191"/>
    <property name="user.dir" value="/Users/prashantmohite/eclipse-workspace/neo"/>
    <property name="os.arch" value="x86_64"/>
    <property name="java.vm.specification.name" value="Java Virtual Machine Specification"/>
    <property name="java.awt.printerjob" value="sun.lwawt.macosx.CPrinterJob"/>
    <property name="sun.os.patch.level" value="unknown"/>
    <property name="java.library.path" value="/Users/prashantmohite/Library/Java/Extensions:/Library/Java/Extensions:/Network/Library/Java/Extensions:/System/Library/Java/Extensions:/usr/lib/java:."/>
    <property name="java.vm.info" value="mixed mode"/>
    <property name="java.vendor" value="Oracle Corporation"/>
    <property name="java.vm.version" value="25.191-b12"/>
    <property name="java.ext.dirs" value="/Users/prashantmohite/Library/Java/Extensions:/Library/Java/JavaVirtualMachines/jdk1.8.0_191.jdk/Contents/Home/jre/lib/ext:/Library/Java/Extensions:/Network/Library/Java/Extensions:/System/Library/Java/Extensions:/usr/lib/java"/>
    <property name="sun.io.unicode.encoding" value="UnicodeBig"/>
    <property name="java.class.version" value="52.0"/>
    <property name="socksNonProxyHosts" value="local|*.local|169.254/16|*.169.254/16"/>
  </properties>
</testsuite>